<?xml version="1.0" encoding="UTF-8"?>
<!-- Generated by org.testng.reporters.JUnitReportReporter -->
<testsuite skipped="1" hostname="DESKTOP-7QO8ILO" name="APITest.E_commerce" tests="4" failures="0" timestamp="2021-11-30T15:03:10 IST" time="42.795" errors="0">
  <testcase name="login" time="8.094" classname="APITest.E_commerce"/>
  <system-out/>
  <testcase name="get" time="32.606" classname="APITest.E_commerce"/>
  <system-out/>
  <testcase name="delete" time="2.095" classname="APITest.E_commerce"/>
  <system-out/>
  <testcase name="sign_up" classname="APITest.E_commerce">
    <skipped/>
  </testcase> <!-- sign_up -->
  <system-out/>
</testsuite> <!-- APITest.E_commerce -->
