<?xml version="1.0" encoding="UTF-8"?>
<!-- Generated by org.testng.reporters.JUnitReportReporter -->
<testsuite skipped="0" hostname="DESKTOP-7QO8ILO" name="APITest.Demo" tests="3" failures="0" timestamp="2021-12-01T12:21:58 IST" time="5.773" errors="0">
  <testcase name="createboard" time="4.189" classname="APITest.Demo"/>
  <system-out/>
  <testcase name="getboard" time="0.694" classname="APITest.Demo"/>
  <system-out/>
  <testcase name="deleteboard" time="0.890" classname="APITest.Demo"/>
  <system-out/>
</testsuite> <!-- APITest.Demo -->
