<?xml version="1.0" encoding="UTF-8"?>
<!-- Generated by org.testng.reporters.JUnitReportReporter -->
<testsuite hostname="DESKTOP-7QO8ILO" failures="0" tests="1" name="APITest.Demo2_Testing" time="0.007" errors="0" timestamp="2021-11-25T13:43:48 IST" skipped="0">
  <testcase classname="APITest.Demo2_Testing" name="testcase3" time="0.007"/>
  <system-out/>
</testsuite> <!-- APITest.Demo2_Testing -->
