<?xml version="1.0" encoding="UTF-8"?>
<!-- Generated by org.testng.reporters.JUnitReportReporter -->
<testsuite hostname="DESKTOP-7QO8ILO" failures="0" tests="1" name="APITest.Demo_TestNG" time="0.009" errors="0" timestamp="2021-11-25T13:44:04 IST" skipped="0">
  <testcase classname="APITest.Demo_TestNG" name="TestCase1" time="0.009"/>
  <system-out/>
</testsuite> <!-- APITest.Demo_TestNG -->
